  Main.cpp
C:\Users\andre\OneDrive\Рабочий стол\СКФУ\Лаблораторные\Программирование\Labs\Lab_5\Lab_5\Lab_5\Vect.h(69,53): warning C4267: аргумент: преобразование из "size_t" в "int"; возможна потеря данных
  (компиляция исходного файла "Main.cpp")
      C:\Users\andre\OneDrive\Рабочий стол\СКФУ\Лаблораторные\Программирование\Labs\Lab_5\Lab_5\Lab_5\Vect.h(69,53):
      контекст создания экземпляра шаблона (сначала самый старый)
          C:\Users\andre\OneDrive\Рабочий стол\СКФУ\Лаблораторные\Программирование\Labs\Lab_5\Lab_5\Lab_5\Main.cpp(33,26):
          выполняется компиляция ссылки на экземпляр класс шаблон функции "Vect<std::string>"
          C:\Users\andre\OneDrive\Рабочий стол\СКФУ\Лаблораторные\Программирование\Labs\Lab_5\Lab_5\Lab_5\Vect.h(67,8):
          во время компиляции функции-члена класс шаблон "T &Vect<T>::operator [](size_t)"
          with
          [
              T=std::string
          ]
              C:\Users\andre\OneDrive\Рабочий стол\СКФУ\Лаблораторные\Программирование\Labs\Lab_5\Lab_5\Lab_5\Main.cpp(37,23):
              см. первую ссылку на "Vect<std::string>::operator []" в "main"
  
C:\Users\andre\OneDrive\Рабочий стол\СКФУ\Лаблораторные\Программирование\Labs\Lab_5\Lab_5\Lab_5\Vect.h(69,48): warning C4244: аргумент: преобразование "__int64" в "int", возможна потеря данных
  (компиляция исходного файла "Main.cpp")
  
C:\Users\andre\OneDrive\Рабочий стол\СКФУ\Лаблораторные\Программирование\Labs\Lab_5\Lab_5\Lab_5\Main.cpp(13,16): warning C4267: инициализация: преобразование из "size_t" в "int"; возможна потеря данных
      C:\Users\andre\OneDrive\Рабочий стол\СКФУ\Лаблораторные\Программирование\Labs\Lab_5\Lab_5\Lab_5\Main.cpp(13,16):
      контекст создания экземпляра шаблона (сначала самый старый)
          C:\Users\andre\OneDrive\Рабочий стол\СКФУ\Лаблораторные\Программирование\Labs\Lab_5\Lab_5\Lab_5\Main.cpp(29,9):
          выполняется компиляция ссылки на экземпляр шаблон функции "void SomeFunction<int>(Vect<int>)"
  
  LINK : не найден или не выполнена сборка C:\Users\andre\OneDrive\Рабочий стол\СКФУ\Лаблораторные\Программирование\Labs\Lab_5\Lab_5\Lab_5\x64\Debug\Lab_5.exe при последней инкрементной компоновке; выполняется полная компоновка
  Lab_5.vcxproj -> C:\Users\andre\OneDrive\Рабочий стол\СКФУ\Лаблораторные\Программирование\Labs\Lab_5\Lab_5\Lab_5\x64\Debug\Lab_5.exe
